1000
/home/john/Downloads/2018030142_assign3/file_3
Tue Nov 29 22:42:44 2022
0
0
212 29 140 217 143 0 178 4 233 128 9 152 236 248 66 126 

1000
/home/john/Downloads/2018030142_assign3/file_0
Tue Nov 29 22:42:44 2022
-1
0
212 29 140 217 143 0 178 4 233 128 9 152 236 248 66 126 

1000
/home/john/Downloads/2018030142_assign3/file_1
Tue Nov 29 22:42:44 2022
-1
1
0 0 0 0 0 0 0 0 195 126 26 34 197 127 0 0 

1000
/home/john/Downloads/2018030142_assign3/file_3
Tue Nov 29 22:43:41 2022
0
0
212 29 140 217 143 0 178 4 233 128 9 152 236 248 66 126 

1000
/home/john/Downloads/2018030142_assign3/file_0
Tue Nov 29 22:43:49 2022
-1
0
212 29 140 217 143 0 178 4 233 128 9 152 236 248 66 126 

1000
/home/john/Downloads/2018030142_assign3/file_1
Tue Nov 29 22:43:53 2022
-1
1
0 0 0 0 0 0 0 0 195 110 227 247 255 127 0 0 

1000
/home/john/Downloads/2018030142_assign3/file_3
Tue Nov 29 22:44:56 2022
0
0
212 29 140 217 143 0 178 4 233 128 9 152 236 248 66 126 

1000
/home/john/Downloads/2018030142_assign3/file_0
Tue Nov 29 22:44:56 2022
-1
0
212 29 140 217 143 0 178 4 233 128 9 152 236 248 66 126 

1000
/home/john/Downloads/2018030142_assign3/file_1
Tue Nov 29 22:44:56 2022
-1
1
0 0 0 0 0 0 0 0 195 110 227 247 255 127 0 0 

1000
/home/john/Downloads/2018030142_assign3/file_2
Tue Nov 29 22:44:56 2022
-1
0
146 237 59 95 7 180 75 196 247 13 11 36 213 225 134 124 

1000
/home/john/Downloads/2018030142_assign3/file_3
Tue Nov 29 22:44:56 2022
-1
0
212 29 140 217 143 0 178 4 233 128 9 152 236 248 66 126 

1000
/home/john/Downloads/2018030142_assign3/file_2
Tue Nov 29 22:44:56 2022
-1
0
146 237 59 95 7 180 75 196 247 13 11 36 213 225 134 124 

1000
/home/john/Downloads/2018030142_assign3/file_2
Tue Nov 29 22:44:56 2022
2
0
78 207 129 178 164 187 104 208 84 133 250 75 153 5 174 166 

1000
/home/john/Downloads/2018030142_assign3/file_2
Tue Nov 29 22:44:56 2022
2
0
195 160 208 68 64 190 198 255 59 152 251 4 230 153 234 203 

1000
/home/john/Downloads/2018030142_assign3/file_2
Tue Nov 29 22:44:56 2022
2
0
113 42 145 76 7 39 15 216 158 4 137 89 130 4 88 22 

1000
/home/john/Downloads/2018030142_assign3/file_0
Tue Nov 29 22:44:56 2022
-1
1
212 29 140 217 143 0 178 4 233 128 9 152 236 248 66 126 

1000
/home/john/Downloads/2018030142_assign3/file_3
Tue Nov 29 22:45:10 2022
0
0
212 29 140 217 143 0 178 4 233 128 9 152 236 248 66 126 

1000
/home/john/Downloads/2018030142_assign3/file_0
Tue Nov 29 22:45:11 2022
-1
0
212 29 140 217 143 0 178 4 233 128 9 152 236 248 66 126 

1000
/home/john/Downloads/2018030142_assign3/file_1
Tue Nov 29 22:45:12 2022
-1
1
0 0 0 0 0 0 0 0 195 110 227 247 255 127 0 0 

1000
/home/john/Downloads/2018030142_assign3/file_2
Tue Nov 29 22:45:15 2022
-1
0
113 42 145 76 7 39 15 216 158 4 137 89 130 4 88 22 

1000
/home/john/Downloads/2018030142_assign3/file_3
Tue Nov 29 22:45:26 2022
-1
0
212 29 140 217 143 0 178 4 233 128 9 152 236 248 66 126 

1000
/home/john/Downloads/2018030142_assign3/file_2
Tue Nov 29 22:45:30 2022
-1
0
113 42 145 76 7 39 15 216 158 4 137 89 130 4 88 22 

1000
/home/john/Downloads/2018030142_assign3/file_2
Tue Nov 29 22:45:32 2022
2
0
113 42 145 76 7 39 15 216 158 4 137 89 130 4 88 22 

1000
/home/john/Downloads/2018030142_assign3/file_2
Tue Nov 29 22:45:33 2022
2
0
113 42 145 76 7 39 15 216 158 4 137 89 130 4 88 22 

1000
/home/john/Downloads/2018030142_assign3/file_2
Tue Nov 29 22:45:35 2022
2
0
113 42 145 76 7 39 15 216 158 4 137 89 130 4 88 22 

1000
/home/john/Downloads/2018030142_assign3/file_0
Tue Nov 29 22:45:37 2022
-1
1
212 29 140 217 143 0 178 4 233 128 9 152 236 248 66 126 

1000
/home/john/Downloads/2018030142_assign3/file_3
Tue Nov 29 22:46:33 2022
0
0
212 29 140 217 143 0 178 4 233 128 9 152 236 248 66 126 

1000
/home/john/Downloads/2018030142_assign3/file_0
Tue Nov 29 22:46:33 2022
-1
0
212 29 140 217 143 0 178 4 233 128 9 152 236 248 66 126 

1000
/home/john/Downloads/2018030142_assign3/file_1
Tue Nov 29 22:46:33 2022
-1
1
0 0 0 0 0 0 0 0 195 110 227 247 255 127 0 0 

1000
/home/john/Downloads/2018030142_assign3/file_2
Tue Nov 29 22:46:33 2022
-1
0
113 42 145 76 7 39 15 216 158 4 137 89 130 4 88 22 

1000
/home/john/Downloads/2018030142_assign3/file_3
Tue Nov 29 22:46:33 2022
-1
0
212 29 140 217 143 0 178 4 233 128 9 152 236 248 66 126 

1000
/home/john/Downloads/2018030142_assign3/file_2
Tue Nov 29 22:46:33 2022
-1
0
113 42 145 76 7 39 15 216 158 4 137 89 130 4 88 22 

1000
/home/john/Downloads/2018030142_assign3/file_2
Tue Nov 29 22:46:33 2022
2
0
113 42 145 76 7 39 15 216 158 4 137 89 130 4 88 22 

1000
/home/john/Downloads/2018030142_assign3/file_2
Tue Nov 29 22:46:33 2022
2
0
113 42 145 76 7 39 15 216 158 4 137 89 130 4 88 22 

1000
/home/john/Downloads/2018030142_assign3/file_2
Tue Nov 29 22:46:33 2022
2
0
113 42 145 76 7 39 15 216 158 4 137 89 130 4 88 22 

1000
/home/john/Downloads/2018030142_assign3/file_0
Tue Nov 29 22:46:33 2022
-1
1
212 29 140 217 143 0 178 4 233 128 9 152 236 248 66 126 

1000
/home/john/Downloads/2018030142_assign3/file_0
Tue Nov 29 22:46:33 2022
-1
1
212 29 140 217 143 0 178 4 233 128 9 152 236 248 66 126 

1000
/home/john/Downloads/2018030142_assign3/file_1
Tue Nov 29 22:46:33 2022
-1
1
212 29 140 217 143 0 178 4 233 128 9 152 236 248 66 126 

1000
/home/john/Downloads/2018030142_assign3/file_2
Tue Nov 29 22:46:33 2022
-1
0
113 42 145 76 7 39 15 216 158 4 137 89 130 4 88 22 

1000
/home/john/Downloads/2018030142_assign3/file_3
Tue Nov 29 22:46:33 2022
-1
0
212 29 140 217 143 0 178 4 233 128 9 152 236 248 66 126 

1000
/home/john/Downloads/2018030142_assign3/file_4
Tue Nov 29 22:46:33 2022
-1
1
116 160 44 206 98 156 95 76 11 211 192 182 13 185 21 228 

1000
/home/john/Downloads/2018030142_assign3/file_5
Tue Nov 29 22:46:33 2022
-1
1
61 88 176 235 198 153 8 197 26 146 115 19 95 58 172 63 

1000
/home/john/Downloads/2018030142_assign3/file_6
Tue Nov 29 22:46:33 2022
-1
1
4 94 77 17 148 116 160 255 224 142 22 50 202 40 108 156 

1000
/home/john/Downloads/2018030142_assign3/file_7
Tue Nov 29 22:46:33 2022
-1
1
24 19 132 92 142 64 47 141 4 130 165 210 116 220 85 150 

1000
/home/john/Downloads/2018030142_assign3/file_8
Tue Nov 29 22:46:33 2022
-1
1
24 19 132 92 142 64 47 141 4 130 165 210 116 220 85 150 

1000
/home/john/Downloads/2018030142_assign3/file_9
Tue Nov 29 22:46:33 2022
-1
1
24 19 132 92 142 64 47 141 4 130 165 210 116 220 85 150 

1000
/home/john/Downloads/2018030142_assign3/file_3
Tue Nov 29 22:48:54 2022
0
0
212 29 140 217 143 0 178 4 233 128 9 152 236 248 66 126 

1000
/home/john/Downloads/2018030142_assign3/file_0
Tue Nov 29 22:48:54 2022
-1
0
212 29 140 217 143 0 178 4 233 128 9 152 236 248 66 126 

1000
/home/john/Downloads/2018030142_assign3/file_1
Tue Nov 29 22:48:54 2022
-1
1
0 0 0 0 0 0 0 0 195 110 227 247 255 127 0 0 

1000
/home/john/Downloads/2018030142_assign3/file_2
Tue Nov 29 22:48:54 2022
-1
0
113 42 145 76 7 39 15 216 158 4 137 89 130 4 88 22 

1000
/home/john/Downloads/2018030142_assign3/file_3
Tue Nov 29 22:48:54 2022
-1
0
212 29 140 217 143 0 178 4 233 128 9 152 236 248 66 126 

1000
/home/john/Downloads/2018030142_assign3/file_2
Tue Nov 29 22:48:54 2022
-1
0
113 42 145 76 7 39 15 216 158 4 137 89 130 4 88 22 

1000
/home/john/Downloads/2018030142_assign3/file_2
Tue Nov 29 22:48:54 2022
2
0
113 42 145 76 7 39 15 216 158 4 137 89 130 4 88 22 

1000
/home/john/Downloads/2018030142_assign3/file_2
Tue Nov 29 22:48:54 2022
2
0
113 42 145 76 7 39 15 216 158 4 137 89 130 4 88 22 

1000
/home/john/Downloads/2018030142_assign3/file_2
Tue Nov 29 22:48:54 2022
2
0
113 42 145 76 7 39 15 216 158 4 137 89 130 4 88 22 

1000
/home/john/Downloads/2018030142_assign3/file_0
Tue Nov 29 22:48:54 2022
-1
1
212 29 140 217 143 0 178 4 233 128 9 152 236 248 66 126 

1000
/home/john/Downloads/2018030142_assign3/file_0
Tue Nov 29 22:48:54 2022
-1
1
212 29 140 217 143 0 178 4 233 128 9 152 236 248 66 126 

1000
/home/john/Downloads/2018030142_assign3/file_1
Tue Nov 29 22:48:54 2022
-1
1
212 29 140 217 143 0 178 4 233 128 9 152 236 248 66 126 

1000
/home/john/Downloads/2018030142_assign3/file_2
Tue Nov 29 22:48:54 2022
-1
0
113 42 145 76 7 39 15 216 158 4 137 89 130 4 88 22 

1000
/home/john/Downloads/2018030142_assign3/file_3
Tue Nov 29 22:48:54 2022
-1
0
212 29 140 217 143 0 178 4 233 128 9 152 236 248 66 126 

1000
/home/john/Downloads/2018030142_assign3/file_4
Tue Nov 29 22:48:54 2022
-1
1
116 160 44 206 98 156 95 76 11 211 192 182 13 185 21 228 

1000
/home/john/Downloads/2018030142_assign3/file_5
Tue Nov 29 22:48:54 2022
-1
1
61 88 176 235 198 153 8 197 26 146 115 19 95 58 172 63 

1000
/home/john/Downloads/2018030142_assign3/file_6
Tue Nov 29 22:48:54 2022
-1
1
4 94 77 17 148 116 160 255 224 142 22 50 202 40 108 156 

1000
/home/john/Downloads/2018030142_assign3/file_7
Tue Nov 29 22:48:54 2022
-1
1
24 19 132 92 142 64 47 141 4 130 165 210 116 220 85 150 

1000
/home/john/Downloads/2018030142_assign3/file_8
Tue Nov 29 22:48:54 2022
-1
1
24 19 132 92 142 64 47 141 4 130 165 210 116 220 85 150 

1000
/home/john/Downloads/2018030142_assign3/file_9
Tue Nov 29 22:48:54 2022
-1
1
24 19 132 92 142 64 47 141 4 130 165 210 116 220 85 150 

1000
/home/john/Downloads/2018030142_assign3/file_3
Tue Nov 29 22:49:09 2022
0
0
212 29 140 217 143 0 178 4 233 128 9 152 236 248 66 126 

1000
/home/john/Downloads/2018030142_assign3/file_0
Tue Nov 29 22:49:09 2022
-1
0
212 29 140 217 143 0 178 4 233 128 9 152 236 248 66 126 

1000
/home/john/Downloads/2018030142_assign3/file_1
Tue Nov 29 22:49:09 2022
-1
1
0 0 0 0 0 0 0 0 195 110 227 247 255 127 0 0 

1000
/home/john/Downloads/2018030142_assign3/file_2
Tue Nov 29 22:49:09 2022
-1
0
113 42 145 76 7 39 15 216 158 4 137 89 130 4 88 22 

1000
/home/john/Downloads/2018030142_assign3/file_3
Tue Nov 29 22:49:09 2022
-1
0
212 29 140 217 143 0 178 4 233 128 9 152 236 248 66 126 

1000
/home/john/Downloads/2018030142_assign3/file_2
Tue Nov 29 22:49:09 2022
0
0
113 42 145 76 7 39 15 216 158 4 137 89 130 4 88 22 

1000
/home/john/Downloads/2018030142_assign3/file_2
Tue Nov 29 22:49:09 2022
2
0
156 103 44 173 220 240 166 105 220 222 23 54 136 198 216 100 

1000
/home/john/Downloads/2018030142_assign3/file_2
Tue Nov 29 22:49:09 2022
2
0
18 135 166 63 14 194 130 42 233 87 240 64 87 76 179 57 

1000
/home/john/Downloads/2018030142_assign3/file_2
Tue Nov 29 22:49:09 2022
2
0
148 216 23 194 152 220 181 90 124 207 192 217 182 142 192 153 

1000
/home/john/Downloads/2018030142_assign3/file_2
Tue Nov 29 22:49:09 2022
2
0
155 14 94 75 112 99 9 133 240 134 187 52 10 14 175 194 

1000
/home/john/Downloads/2018030142_assign3/file_0
Tue Nov 29 22:49:09 2022
-1
1
212 29 140 217 143 0 178 4 233 128 9 152 236 248 66 126 

1000
/home/john/Downloads/2018030142_assign3/file_0
Tue Nov 29 22:49:09 2022
-1
1
212 29 140 217 143 0 178 4 233 128 9 152 236 248 66 126 

1000
/home/john/Downloads/2018030142_assign3/file_1
Tue Nov 29 22:49:09 2022
-1
1
212 29 140 217 143 0 178 4 233 128 9 152 236 248 66 126 

1000
/home/john/Downloads/2018030142_assign3/file_2
Tue Nov 29 22:49:09 2022
-1
0
155 14 94 75 112 99 9 133 240 134 187 52 10 14 175 194 

1000
/home/john/Downloads/2018030142_assign3/file_3
Tue Nov 29 22:49:09 2022
-1
0
212 29 140 217 143 0 178 4 233 128 9 152 236 248 66 126 

1000
/home/john/Downloads/2018030142_assign3/file_4
Tue Nov 29 22:49:09 2022
-1
1
116 160 44 206 98 156 95 76 11 211 192 182 13 185 21 228 

1000
/home/john/Downloads/2018030142_assign3/file_5
Tue Nov 29 22:49:09 2022
-1
1
61 88 176 235 198 153 8 197 26 146 115 19 95 58 172 63 

1000
/home/john/Downloads/2018030142_assign3/file_6
Tue Nov 29 22:49:09 2022
-1
1
4 94 77 17 148 116 160 255 224 142 22 50 202 40 108 156 

1000
/home/john/Downloads/2018030142_assign3/file_7
Tue Nov 29 22:49:09 2022
-1
1
24 19 132 92 142 64 47 141 4 130 165 210 116 220 85 150 

1000
/home/john/Downloads/2018030142_assign3/file_8
Tue Nov 29 22:49:09 2022
-1
1
24 19 132 92 142 64 47 141 4 130 165 210 116 220 85 150 

1000
/home/john/Downloads/2018030142_assign3/file_9
Tue Nov 29 22:49:09 2022
-1
1
24 19 132 92 142 64 47 141 4 130 165 210 116 220 85 150 

